This is pdfTeX, Version 3.14159265-2.6-1.40.19 (TeX Live 2018/W32TeX) (preloaded format=pdflatex 2021.3.16)  8 SEP 2021 11:44
entering extended mode
 restricted \write18 enabled.
 %&-line parsing enabled.
**ELM_pos_paper_final.tex
(./ELM_pos_paper_final.tex
LaTeX2e <2018-04-01> patch level 2
Babel <3.18> and hyphenation patterns for 84 language(s) loaded.
(c:/texlive/2018/texmf-dist/tex/latex/base/article.cls
Document Class: article 2014/09/29 v1.4h Standard LaTeX document class
(c:/texlive/2018/texmf-dist/tex/latex/base/size10.clo
File: size10.clo 2014/09/29 v1.4h Standard LaTeX file (size option)
)
\c@part=\count80
\c@section=\count81
\c@subsection=\count82
\c@subsubsection=\count83
\c@paragraph=\count84
\c@subparagraph=\count85
\c@figure=\count86
\c@table=\count87
\abovecaptionskip=\skip41
\belowcaptionskip=\skip42
\bibindent=\dimen102
) (./spconf.sty)
(c:/texlive/2018/texmf-dist/tex/latex/amsmath/amsmath.sty
Package: amsmath 2017/09/02 v2.17a AMS math features
\@mathmargin=\skip43

For additional information on amsmath, use the `?' option.
(c:/texlive/2018/texmf-dist/tex/latex/amsmath/amstext.sty
Package: amstext 2000/06/29 v2.01 AMS text

(c:/texlive/2018/texmf-dist/tex/latex/amsmath/amsgen.sty
File: amsgen.sty 1999/11/30 v2.0 generic functions
\@emptytoks=\toks14
\ex@=\dimen103
))
(c:/texlive/2018/texmf-dist/tex/latex/amsmath/amsbsy.sty
Package: amsbsy 1999/11/29 v1.2d Bold Symbols
\pmbraise@=\dimen104
)
(c:/texlive/2018/texmf-dist/tex/latex/amsmath/amsopn.sty
Package: amsopn 2016/03/08 v2.02 operator names
)
\inf@bad=\count88
LaTeX Info: Redefining \frac on input line 213.
\uproot@=\count89
\leftroot@=\count90
LaTeX Info: Redefining \overline on input line 375.
\classnum@=\count91
\DOTSCASE@=\count92
LaTeX Info: Redefining \ldots on input line 472.
LaTeX Info: Redefining \dots on input line 475.
LaTeX Info: Redefining \cdots on input line 596.
\Mathstrutbox@=\box26
\strutbox@=\box27
\big@size=\dimen105
LaTeX Font Info:    Redeclaring font encoding OML on input line 712.
LaTeX Font Info:    Redeclaring font encoding OMS on input line 713.
\macc@depth=\count93
\c@MaxMatrixCols=\count94
\dotsspace@=\muskip10
\c@parentequation=\count95
\dspbrk@lvl=\count96
\tag@help=\toks15
\row@=\count97
\column@=\count98
\maxfields@=\count99
\andhelp@=\toks16
\eqnshift@=\dimen106
\alignsep@=\dimen107
\tagshift@=\dimen108
\tagwidth@=\dimen109
\totwidth@=\dimen110
\lineht@=\dimen111
\@envbody=\toks17
\multlinegap=\skip44
\multlinetaggap=\skip45
\mathdisplay@stack=\toks18
LaTeX Info: Redefining \[ on input line 2817.
LaTeX Info: Redefining \] on input line 2818.
)
(c:/texlive/2018/texmf-dist/tex/latex/graphics/epsfig.sty
Package: epsfig 2017/06/25 v1.7b (e)psfig emulation (SPQR)

(c:/texlive/2018/texmf-dist/tex/latex/graphics/graphicx.sty
Package: graphicx 2017/06/01 v1.1a Enhanced LaTeX Graphics (DPC,SPQR)

(c:/texlive/2018/texmf-dist/tex/latex/graphics/keyval.sty
Package: keyval 2014/10/28 v1.15 key=value parser (DPC)
\KV@toks@=\toks19
)
(c:/texlive/2018/texmf-dist/tex/latex/graphics/graphics.sty
Package: graphics 2017/06/25 v1.2c Standard LaTeX Graphics (DPC,SPQR)

(c:/texlive/2018/texmf-dist/tex/latex/graphics/trig.sty
Package: trig 2016/01/03 v1.10 sin cos tan (DPC)
)
(c:/texlive/2018/texmf-dist/tex/latex/graphics-cfg/graphics.cfg
File: graphics.cfg 2016/06/04 v1.11 sample graphics configuration
)
Package graphics Info: Driver file: pdftex.def on input line 99.

(c:/texlive/2018/texmf-dist/tex/latex/graphics-def/pdftex.def
File: pdftex.def 2018/01/08 v1.0l Graphics/color driver for pdftex
))
\Gin@req@height=\dimen112
\Gin@req@width=\dimen113
)
\epsfxsize=\dimen114
\epsfysize=\dimen115
)
(c:/texlive/2018/texmf-dist/tex/latex/dblfloatfix/dblfloatfix.sty
Package: dblfloatfix 2012/12/31 v1.0a (JAW)

(c:/texlive/2018/texmf-dist/tex/latex/base/fixltx2e.sty
Package: fixltx2e 2016/12/29 v2.1a fixes to LaTeX (obsolete)
Applying: [2015/01/01] Old fixltx2e package on input line 46.


Package fixltx2e Warning: fixltx2e is not required with releases after 2015
(fixltx2e)                All fixes are now in the LaTeX kernel.
(fixltx2e)                See the latexrelease package for details.

Already applied: [0000/00/00] Old fixltx2e package on input line 53.
)
\@dblbotnum=\count100
\c@dblbotnumber=\count101
) (c:/texlive/2018/texmf-dist/tex/latex/makecell/makecell.sty
Package: makecell 2009/08/03 V0.1e Managing of Tab Column Heads and Cells

(c:/texlive/2018/texmf-dist/tex/latex/tools/array.sty
Package: array 2018/04/07 v2.4g Tabular extension package (FMi)
\col@sep=\dimen116
\ar@mcellbox=\box28
\extrarowheight=\dimen117
\NC@list=\toks20
\extratabsurround=\skip46
\backup@length=\skip47
\ar@cellbox=\box29
)
\rotheadsize=\dimen118
\c@nlinenum=\count102
\TeXr@lab=\toks21
)
(c:/texlive/2018/texmf-dist/tex/latex/multirow/multirow.sty
Package: multirow 2016/11/25 v2.2 Span multiple rows of a table
\multirow@colwidth=\skip48
\multirow@cntb=\count103
\multirow@dima=\skip49
\bigstrutjot=\dimen119
)
(c:/texlive/2018/texmf-dist/tex/latex/booktabs/booktabs.sty
Package: booktabs 2016/04/27 v1.618033 publication quality tables
\heavyrulewidth=\dimen120
\lightrulewidth=\dimen121
\cmidrulewidth=\dimen122
\belowrulesep=\dimen123
\belowbottomsep=\dimen124
\aboverulesep=\dimen125
\abovetopsep=\dimen126
\cmidrulesep=\dimen127
\cmidrulekern=\dimen128
\defaultaddspace=\dimen129
\@cmidla=\count104
\@cmidlb=\count105
\@aboverulesep=\dimen130
\@belowrulesep=\dimen131
\@thisruleclass=\count106
\@lastruleclass=\count107
\@thisrulewidth=\dimen132
)
(c:/texlive/2018/texmf-dist/tex/latex/subfigure/subfigure.sty
Package: subfigure 2002/03/15 v2.1.5 subfigure package
\subfigtopskip=\skip50
\subfigcapskip=\skip51
\subfigcaptopadj=\dimen133
\subfigbottomskip=\skip52
\subfigcapmargin=\dimen134
\subfiglabelskip=\skip53
\c@subfigure=\count108
\c@lofdepth=\count109
\c@subtable=\count110
\c@lotdepth=\count111

****************************************
* Local config file subfigure.cfg used *
****************************************
(c:/texlive/2018/texmf-dist/tex/latex/subfigure/subfigure.cfg)
\subfig@top=\skip54
\subfig@bottom=\skip55
)
(./ELM_pos_paper_final.aux)
\openout1 = `ELM_pos_paper_final.aux'.

LaTeX Font Info:    Checking defaults for OML/cmm/m/it on input line 49.
LaTeX Font Info:    ... okay on input line 49.
LaTeX Font Info:    Checking defaults for T1/cmr/m/n on input line 49.
LaTeX Font Info:    ... okay on input line 49.
LaTeX Font Info:    Checking defaults for OT1/cmr/m/n on input line 49.
LaTeX Font Info:    ... okay on input line 49.
LaTeX Font Info:    Checking defaults for OMS/cmsy/m/n on input line 49.
LaTeX Font Info:    ... okay on input line 49.
LaTeX Font Info:    Checking defaults for OMX/cmex/m/n on input line 49.
LaTeX Font Info:    ... okay on input line 49.
LaTeX Font Info:    Checking defaults for U/cmr/m/n on input line 49.
LaTeX Font Info:    ... okay on input line 49.
LaTeX Font Info:    Try loading font information for OT1+ptm on input line 49.

(c:/texlive/2018/texmf-dist/tex/latex/psnfss/ot1ptm.fd
File: ot1ptm.fd 2001/06/04 font definitions for OT1/ptm.
)
(c:/texlive/2018/texmf-dist/tex/context/base/mkii/supp-pdf.mkii
[Loading MPS to PDF converter (version 2006.09.02).]
\scratchcounter=\count112
\scratchdimen=\dimen135
\scratchbox=\box30
\nofMPsegments=\count113
\nofMParguments=\count114
\everyMPshowfont=\toks22
\MPscratchCnt=\count115
\MPscratchDim=\dimen136
\MPnumerator=\count116
\makeMPintoPDFobject=\count117
\everyMPtoPDFconversion=\toks23
) (c:/texlive/2018/texmf-dist/tex/latex/oberdiek/epstopdf-base.sty
Package: epstopdf-base 2016/05/15 v2.6 Base part for package epstopdf

(c:/texlive/2018/texmf-dist/tex/generic/oberdiek/infwarerr.sty
Package: infwarerr 2016/05/16 v1.4 Providing info/warning/error messages (HO)
)
(c:/texlive/2018/texmf-dist/tex/latex/oberdiek/grfext.sty
Package: grfext 2016/05/16 v1.2 Manage graphics extensions (HO)

(c:/texlive/2018/texmf-dist/tex/generic/oberdiek/kvdefinekeys.sty
Package: kvdefinekeys 2016/05/16 v1.4 Define keys (HO)

(c:/texlive/2018/texmf-dist/tex/generic/oberdiek/ltxcmds.sty
Package: ltxcmds 2016/05/16 v1.23 LaTeX kernel commands for general use (HO)
)))
(c:/texlive/2018/texmf-dist/tex/latex/oberdiek/kvoptions.sty
Package: kvoptions 2016/05/16 v3.12 Key value format for package options (HO)

(c:/texlive/2018/texmf-dist/tex/generic/oberdiek/kvsetkeys.sty
Package: kvsetkeys 2016/05/16 v1.17 Key value parser (HO)

(c:/texlive/2018/texmf-dist/tex/generic/oberdiek/etexcmds.sty
Package: etexcmds 2016/05/16 v1.6 Avoid name clashes with e-TeX commands (HO)

(c:/texlive/2018/texmf-dist/tex/generic/oberdiek/ifluatex.sty
Package: ifluatex 2016/05/16 v1.4 Provides the ifluatex switch (HO)
Package ifluatex Info: LuaTeX not detected.
)
Package etexcmds Info: Could not find \expanded.
(etexcmds)             That can mean that you are not using pdfTeX 1.50 or
(etexcmds)             that some package has redefined \expanded.
(etexcmds)             In the latter case, load this package earlier.
)))
(c:/texlive/2018/texmf-dist/tex/generic/oberdiek/pdftexcmds.sty
Package: pdftexcmds 2018/01/30 v0.27 Utility functions of pdfTeX for LuaTeX (HO
)

(c:/texlive/2018/texmf-dist/tex/generic/oberdiek/ifpdf.sty
Package: ifpdf 2017/03/15 v3.2 Provides the ifpdf switch
)
Package pdftexcmds Info: LuaTeX not detected.
Package pdftexcmds Info: \pdf@primitive is available.
Package pdftexcmds Info: \pdf@ifprimitive is available.
Package pdftexcmds Info: \pdfdraftmode found.
)
Package epstopdf-base Info: Redefining graphics rule for `.eps' on input line 4
38.
Package grfext Info: Graphics extension search list:
(grfext)             [.pdf,.png,.jpg,.mps,.jpeg,.jbig2,.jb2,.PDF,.PNG,.JPG,.JPE
G,.JBIG2,.JB2,.eps]
(grfext)             \AppendGraphicsExtensions on input line 456.

(c:/texlive/2018/texmf-dist/tex/latex/latexconfig/epstopdf-sys.cfg
File: epstopdf-sys.cfg 2010/07/13 v1.3 Configuration of (r)epstopdf for TeX Liv
e
))
Redefining \end@dblfloat\ for use with subfigure
LaTeX Font Info:    Font shape `OT1/ptm/bx/n' in size <12> not available
(Font)              Font shape `OT1/ptm/b/n' tried instead on input line 52.
LaTeX Font Info:    Font shape `OT1/ptm/bx/n' in size <10> not available
(Font)              Font shape `OT1/ptm/b/n' tried instead on input line 54.
LaTeX Font Info:    Font shape `OT1/ptm/bx/it' in size <10> not available
(Font)              Font shape `OT1/ptm/b/it' tried instead on input line 58.
[1{c:/texlive/2018/texmf-var/fonts/map/pdftex/updmap/pdftex.map}



]
<pic/flowchart1.png, id=10, 650.43pt x 189.70876pt>
File: pic/flowchart1.png Graphic file (type png)
<use pic/flowchart1.png>
Package pdftex.def Info: pic/flowchart1.png  used on input line 99.
(pdftex.def)             Requested size: 244.6937pt x 71.36928pt.
<pic/ELMnetwork1.png, id=11, 312.4473pt x 232.58894pt>
File: pic/ELMnetwork1.png Graphic file (type png)
<use pic/ELMnetwork1.png>
Package pdftex.def Info: pic/ELMnetwork1.png  used on input line 117.
(pdftex.def)             Requested size: 195.75569pt x 145.72617pt.
 [2 <./pic/flowchart1.png> <./pic/ELMnetwork1.png>]
Overfull \hbox (4.81813pt too wide) in paragraph at lines 164--184
 [][] 
 []


Overfull \hbox (3.50078pt too wide) in paragraph at lines 194--194
[]|\OT1/ptm/m/n/9 roll| 
 []


Overfull \hbox (8.99976pt too wide) in paragraph at lines 194--194
[]|\OT1/ptm/m/n/9 pitch| 
 []


Overfull \hbox (5.859pt too wide) in paragraph at lines 194--194
[]|\OT1/ptm/m/n/9 yaw| 
 []


Overfull \hbox (3.50078pt too wide) in paragraph at lines 194--194
[]|\OT1/ptm/m/n/9 roll| 
 []


Overfull \hbox (8.99976pt too wide) in paragraph at lines 194--194
[]|\OT1/ptm/m/n/9 pitch| 
 []


Overfull \hbox (5.859pt too wide) in paragraph at lines 194--194
[]|\OT1/ptm/m/n/9 yaw| 
 []


Overfull \hbox (3.50078pt too wide) in paragraph at lines 194--194
[]|\OT1/ptm/m/n/9 roll| 
 []


Overfull \hbox (8.99976pt too wide) in paragraph at lines 194--194
[]|\OT1/ptm/m/n/9 pitch| 
 []


Overfull \hbox (5.859pt too wide) in paragraph at lines 194--194
[]|\OT1/ptm/m/n/9 yaw| 
 []


Overfull \hbox (3.50078pt too wide) in paragraph at lines 194--194
[]|\OT1/ptm/m/n/9 roll| 
 []


Overfull \hbox (8.99976pt too wide) in paragraph at lines 194--194
[]|\OT1/ptm/m/n/9 pitch| 
 []


Overfull \hbox (5.859pt too wide) in paragraph at lines 194--194
[]|\OT1/ptm/m/n/9 yaw| 
 []

LaTeX Font Info:    Font shape `OT1/ptm/bx/n' in size <9> not available
(Font)              Font shape `OT1/ptm/b/n' tried instead on input line 196.

Overfull \hbox (5.7968pt too wide) in paragraph at lines 191--209
 [][][] 
 []

Package epstopdf Info: Source file: <pic/exp1-roll.eps>
(epstopdf)                    date: 2021-05-31 10:59:31
(epstopdf)                    size: 22748 bytes
(epstopdf)             Output file: <pic/exp1-roll-eps-converted-to.pdf>
(epstopdf)                    date: 2021-05-31 11:00:22
(epstopdf)                    size: 13028 bytes
(epstopdf)             Command: <repstopdf --outfile=pic/exp1-roll-eps-converte
d-to.pdf pic/exp1-roll.eps>
(epstopdf)             \includegraphics on input line 217.
Package epstopdf Info: Output file is already uptodate.
<pic/exp1-roll-eps-converted-to.pdf, id=24, 477.785pt x 241.90375pt>
File: pic/exp1-roll-eps-converted-to.pdf Graphic file (type pdf)
<use pic/exp1-roll-eps-converted-to.pdf>
Package pdftex.def Info: pic/exp1-roll-eps-converted-to.pdf  used on input line
 217.
(pdftex.def)             Requested size: 122.34685pt x 61.94116pt.
Package epstopdf Info: Source file: <pic/exp1-pitch.eps>
(epstopdf)                    date: 2021-05-31 10:59:24
(epstopdf)                    size: 22775 bytes
(epstopdf)             Output file: <pic/exp1-pitch-eps-converted-to.pdf>
(epstopdf)                    date: 2021-05-31 11:00:23
(epstopdf)                    size: 13027 bytes
(epstopdf)             Command: <repstopdf --outfile=pic/exp1-pitch-eps-convert
ed-to.pdf pic/exp1-pitch.eps>
(epstopdf)             \includegraphics on input line 223.
Package epstopdf Info: Output file is already uptodate.
<pic/exp1-pitch-eps-converted-to.pdf, id=25, 478.78876pt x 241.90375pt>
File: pic/exp1-pitch-eps-converted-to.pdf Graphic file (type pdf)
<use pic/exp1-pitch-eps-converted-to.pdf>
Package pdftex.def Info: pic/exp1-pitch-eps-converted-to.pdf  used on input lin
e 223.
(pdftex.def)             Requested size: 122.34685pt x 61.81198pt.
Package epstopdf Info: Source file: <pic/exp1-yaw.eps>
(epstopdf)                    date: 2021-05-31 10:59:18
(epstopdf)                    size: 22780 bytes
(epstopdf)             Output file: <pic/exp1-yaw-eps-converted-to.pdf>
(epstopdf)                    date: 2021-05-31 11:00:25
(epstopdf)                    size: 13049 bytes
(epstopdf)             Command: <repstopdf --outfile=pic/exp1-yaw-eps-converted
-to.pdf pic/exp1-yaw.eps>
(epstopdf)             \includegraphics on input line 230.
Package epstopdf Info: Output file is already uptodate.
<pic/exp1-yaw-eps-converted-to.pdf, id=26, 478.78876pt x 241.90375pt>
File: pic/exp1-yaw-eps-converted-to.pdf Graphic file (type pdf)
<use pic/exp1-yaw-eps-converted-to.pdf>
Package pdftex.def Info: pic/exp1-yaw-eps-converted-to.pdf  used on input line 
230.
(pdftex.def)             Requested size: 122.34685pt x 61.81198pt.
[3] (./ELM_pos_paper_final.bbl) [4 <./pic/exp1-roll-eps-converted-to.pdf> <./pi
c/exp1-pitch-eps-converted-to.pdf> <./pic/exp1-yaw-eps-converted-to.pdf>]
(./ELM_pos_paper_final.aux) ) 
Here is how much of TeX's memory you used:
 2727 strings out of 492649
 36732 string characters out of 6133384
 126598 words of memory out of 5000000
 6533 multiletter control sequences out of 15000+600000
 27988 words of font info for 59 fonts, out of 8000000 for 9000
 1141 hyphenation exceptions out of 8191
 41i,19n,31p,1240b,312s stack positions out of 5000i,500n,10000p,200000b,80000s
{c:/texlive/2018/texmf-dist/fonts/enc/dvips/base/8
r.enc}<c:/texlive/2018/texmf-dist/fonts/type1/public/amsfonts/cm/cmbx10.pfb><c:
/texlive/2018/texmf-dist/fonts/type1/public/amsfonts/cm/cmex10.pfb><c:/texlive/
2018/texmf-dist/fonts/type1/public/amsfonts/cm/cmmi10.pfb><c:/texlive/2018/texm
f-dist/fonts/type1/public/amsfonts/cm/cmmi5.pfb><c:/texlive/2018/texmf-dist/fon
ts/type1/public/amsfonts/cm/cmmi7.pfb><c:/texlive/2018/texmf-dist/fonts/type1/p
ublic/amsfonts/cm/cmr10.pfb><c:/texlive/2018/texmf-dist/fonts/type1/public/amsf
onts/cm/cmr5.pfb><c:/texlive/2018/texmf-dist/fonts/type1/public/amsfonts/cm/cmr
7.pfb><c:/texlive/2018/texmf-dist/fonts/type1/public/amsfonts/cm/cmsy10.pfb><c:
/texlive/2018/texmf-dist/fonts/type1/public/amsfonts/cm/cmsy5.pfb><c:/texlive/2
018/texmf-dist/fonts/type1/public/amsfonts/cm/cmsy7.pfb><c:/texlive/2018/texmf-
dist/fonts/type1/urw/times/utmb8a.pfb><c:/texlive/2018/texmf-dist/fonts/type1/u
rw/times/utmbi8a.pfb><c:/texlive/2018/texmf-dist/fonts/type1/urw/times/utmr8a.p
fb><c:/texlive/2018/texmf-dist/fonts/type1/urw/times/utmri8a.pfb>
Output written on ELM_pos_paper_final.pdf (4 pages, 516253 bytes).
PDF statistics:
 116 PDF objects out of 1000 (max. 8388607)
 80 compressed objects within 1 object stream
 0 named destinations out of 1000 (max. 500000)
 26 words of extra memory for PDF output out of 10000 (max. 10000000)

